<?xml version="1.0" encoding="UTF-8"?>
<testng-results skipped="0" failed="0" total="2" passed="2">
  <reporter-output>
  </reporter-output>
  <suite name="Grid" duration-ms="11675" started-at="2017-06-06T12:17:47Z" finished-at="2017-06-06T12:17:58Z">
    <groups>
    </groups>
    <test name="On Chrome" duration-ms="7526" started-at="2017-06-06T12:17:47Z" finished-at="2017-06-06T12:17:54Z">
      <class name="Grid.GridEg">
        <test-method status="PASS" signature="grid(java.lang.String)[pri:0, instance:Grid.GridEg@675d3402]" name="grid" duration-ms="7505" started-at="2017-06-06T08:17:47Z" finished-at="2017-06-06T08:17:54Z">
          <params>
            <param index="0">
              <value>
                <![CDATA[chrome]]>
              </value>
            </param>
          </params>
          <reporter-output>
          </reporter-output>
        </test-method> <!-- grid -->
      </class> <!-- Grid.GridEg -->
    </test> <!-- On Chrome -->
    <test name="On Firefox" duration-ms="11675" started-at="2017-06-06T12:17:47Z" finished-at="2017-06-06T12:17:58Z">
      <class name="Grid.GridEg">
        <test-method status="PASS" signature="grid(java.lang.String)[pri:0, instance:Grid.GridEg@5d5eef3d]" name="grid" duration-ms="11657" started-at="2017-06-06T08:17:47Z" finished-at="2017-06-06T08:17:58Z">
          <params>
            <param index="0">
              <value>
                <![CDATA[firefox]]>
              </value>
            </param>
          </params>
          <reporter-output>
          </reporter-output>
        </test-method> <!-- grid -->
      </class> <!-- Grid.GridEg -->
    </test> <!-- On Firefox -->
  </suite> <!-- Grid -->
</testng-results>
