<?xml version="1.0" encoding="UTF-8"?>
<testng-results skipped="0" failed="0" ignored="0" total="2" passed="2">
  <reporter-output>
  </reporter-output>
  <suite name="Default suite" duration-ms="55" started-at="2017-06-27T18:52:08Z" finished-at="2017-06-27T18:52:08Z">
    <groups>
    </groups>
    <test name="Default test" duration-ms="55" started-at="2017-06-27T18:52:08Z" finished-at="2017-06-27T18:52:08Z">
      <class name="testngPackage.BasicAnnotations">
        <test-method status="PASS" signature="bt()[pri:0, instance:testngPackage.BasicAnnotations@62ee68d8]" name="bt" is-config="true" duration-ms="10" started-at="2017-06-27T14:52:08Z" finished-at="2017-06-27T14:52:08Z">
          <reporter-output>
          </reporter-output>
        </test-method> <!-- bt -->
        <test-method status="PASS" signature="bc()[pri:0, instance:testngPackage.BasicAnnotations@62ee68d8]" name="bc" is-config="true" duration-ms="0" started-at="2017-06-27T14:52:08Z" finished-at="2017-06-27T14:52:08Z">
          <reporter-output>
          </reporter-output>
        </test-method> <!-- bc -->
        <test-method status="PASS" signature="function1()[pri:0, instance:testngPackage.BasicAnnotations@62ee68d8]" name="function1" duration-ms="6" started-at="2017-06-27T14:52:08Z" finished-at="2017-06-27T14:52:08Z">
          <reporter-output>
          </reporter-output>
        </test-method> <!-- function1 -->
        <test-method status="PASS" signature="bm()[pri:0, instance:testngPackage.BasicAnnotations@62ee68d8]" name="bm" is-config="true" duration-ms="0" started-at="2017-06-27T14:52:08Z" finished-at="2017-06-27T14:52:08Z">
          <reporter-output>
          </reporter-output>
        </test-method> <!-- bm -->
        <test-method status="PASS" signature="am()[pri:0, instance:testngPackage.BasicAnnotations@62ee68d8]" name="am" is-config="true" duration-ms="4" started-at="2017-06-27T14:52:08Z" finished-at="2017-06-27T14:52:08Z">
          <reporter-output>
          </reporter-output>
        </test-method> <!-- am -->
        <test-method status="PASS" signature="bm()[pri:0, instance:testngPackage.BasicAnnotations@62ee68d8]" name="bm" is-config="true" duration-ms="1" started-at="2017-06-27T14:52:08Z" finished-at="2017-06-27T14:52:08Z">
          <reporter-output>
          </reporter-output>
        </test-method> <!-- bm -->
        <test-method status="PASS" signature="a()[pri:2, instance:testngPackage.BasicAnnotations@62ee68d8]" name="a" duration-ms="2" started-at="2017-06-27T14:52:08Z" finished-at="2017-06-27T14:52:08Z">
          <reporter-output>
          </reporter-output>
        </test-method> <!-- a -->
        <test-method status="PASS" signature="am()[pri:0, instance:testngPackage.BasicAnnotations@62ee68d8]" name="am" is-config="true" duration-ms="1" started-at="2017-06-27T14:52:08Z" finished-at="2017-06-27T14:52:08Z">
          <reporter-output>
          </reporter-output>
        </test-method> <!-- am -->
        <test-method status="PASS" signature="ac()[pri:0, instance:testngPackage.BasicAnnotations@62ee68d8]" name="ac" is-config="true" duration-ms="0" started-at="2017-06-27T14:52:08Z" finished-at="2017-06-27T14:52:08Z">
          <reporter-output>
          </reporter-output>
        </test-method> <!-- ac -->
        <test-method status="PASS" signature="at()[pri:0, instance:testngPackage.BasicAnnotations@62ee68d8]" name="at" is-config="true" duration-ms="1" started-at="2017-06-27T14:52:08Z" finished-at="2017-06-27T14:52:08Z">
          <reporter-output>
          </reporter-output>
        </test-method> <!-- at -->
      </class> <!-- testngPackage.BasicAnnotations -->
    </test> <!-- Default test -->
  </suite> <!-- Default suite -->
</testng-results>
