<?xml version="1.0" encoding="UTF-8"?>
<!-- Generated by org.testng.reporters.JUnitXMLReporter -->
<testsuite hostname="kathala" ignored="0" name="Test" tests="3" failures="1" timestamp="27 Jun 2017 18:48:18 GMT" time="0.007" errors="0">
  <testcase name="login" time="0.003" classname="testngPackage.TestDependency">
    <failure type="java.lang.AssertionError" message="expected [SE] but found [Selenium]">
      <![CDATA[java.lang.AssertionError: expected [SE] but found [Selenium]
	at testngPackage.TestDependency.login(TestDependency.java:12)
	at testngPackage.RunMultipleXml.main(RunMultipleXml.java:17)
... Removed 28 stack frames]]>
    </failure>
  </testcase> <!-- login -->
  <testcase name="doActivity" time="0.0" classname="testngPackage.TestDependency">
    <skipped/>
  </testcase> <!-- doActivity -->
  <testcase name="logout" time="0.0" classname="testngPackage.TestDependency">
    <skipped/>
  </testcase> <!-- logout -->
</testsuite> <!-- Test -->
